#
# There is insufficient memory for the Java Runtime Environment to continue.
# Native memory allocation (malloc) failed to allocate 660976 bytes for Chunk::new
# Possible reasons:
#   The system is out of physical RAM or swap space
#   The process is running with CompressedOops enabled, and the Java Heap may be blocking the growth of the native heap
# Possible solutions:
#   Reduce memory load on the system
#   Increase physical memory or swap space
#   Check if swap backing store is full
#   Decrease Java heap size (-Xmx/-Xms)
#   Decrease number of Java threads
#   Decrease Java thread stack sizes (-Xss)
#   Set larger code cache with -XX:ReservedCodeCacheSize=
#   JVM is running with Unscaled Compressed Oops mode in which the Java heap is
#     placed in the first 4GB address space. The Java Heap base address is the
#     maximum limit for the native heap growth. Please use -XX:HeapBaseMinAddress
#     to set the Java Heap base and to place the Java Heap above 4GB virtual address.
# This output file may be truncated or incomplete.
#
#  Out of Memory Error (allocation.cpp:389), pid=564, tid=0x0000000000006550
#
# JRE version: OpenJDK Runtime Environment (8.0_202-b03) (build 1.8.0_202-release-1483-b03)
# Java VM: OpenJDK 64-Bit Server VM (25.202-b03 mixed mode windows-amd64 compressed oops)
# Failed to write core dump. Minidumps are not enabled by default on client versions of Windows
#

---------------  T H R E A D  ---------------

Current thread (0x0000000016552800):  JavaThread "C2 CompilerThread2" daemon [_thread_in_native, id=25936, stack(0x0000000017020000,0x0000000017120000)]

Stack: [0x0000000017020000,0x0000000017120000]
[error occurred during error reporting (printing stack bounds), id 0xc0000005]

Native frames: (J=compiled Java code, j=interpreted, Vv=VM code, C=native code)


Current CompileTask:
C2:  29568 14603   !   4       org.gradle.api.internal.attributes.DefaultImmutableAttributesFactory::doConcatIsolatable (146 bytes)


---------------  P R O C E S S  ---------------

Java Threads: ( => current thread )
  0x000000001b9a1800 JavaThread "Execution worker for ':' Thread 7" [_thread_blocked, id=23596, stack(0x0000000024900000,0x0000000024a00000)]
  0x000000001b9a1000 JavaThread "Cache worker for execution history cache (C:\Users\devan\Documents\GitHub\Software-2020-2021\.gradle\5.4.1\executionHistory)" [_thread_blocked, id=27388, stack(0x0000000024800000,0x0000000024900000)]
  0x000000001b9a4800 JavaThread "Execution worker for ':' Thread 6" [_thread_blocked, id=20884, stack(0x0000000024700000,0x0000000024800000)]
  0x000000001b9a5800 JavaThread "Execution worker for ':' Thread 5" [_thread_blocked, id=25284, stack(0x0000000024600000,0x0000000024700000)]
  0x000000001b9a4000 JavaThread "Execution worker for ':' Thread 4" [_thread_blocked, id=20688, stack(0x0000000024500000,0x0000000024600000)]
  0x000000001b9a0000 JavaThread "Execution worker for ':' Thread 3" [_thread_blocked, id=18416, stack(0x0000000023e00000,0x0000000023f00000)]
  0x000000001b998800 JavaThread "Execution worker for ':' Thread 2" [_thread_blocked, id=11024, stack(0x0000000024020000,0x0000000024120000)]
  0x000000001b99f800 JavaThread "Execution worker for ':'" [_thread_in_Java, id=16092, stack(0x0000000023f20000,0x0000000024020000)]
  0x000000001b997000 JavaThread "Cache worker for file content cache (C:\Users\devan\Documents\GitHub\Software-2020-2021\.gradle\5.4.1\fileContent)" [_thread_blocked, id=7632, stack(0x0000000023d00000,0x0000000023e00000)]
  0x000000001b99b000 JavaThread "Cache worker for Build Output Cleanup Cache (C:\Users\devan\Documents\GitHub\Software-2020-2021\.gradle\buildOutputCleanup)" [_thread_blocked, id=16612, stack(0x0000000023c00000,0x0000000023d00000)]
  0x000000001b996800 JavaThread "Build operations Thread 8" [_thread_blocked, id=11948, stack(0x0000000022630000,0x0000000022730000)]
  0x000000001b99a000 JavaThread "Build operations Thread 7" [_thread_blocked, id=20092, stack(0x000000001ff90000,0x0000000020090000)]
  0x0000000019ba3800 JavaThread "Build operations Thread 6" [_thread_blocked, id=11812, stack(0x000000001fe90000,0x000000001ff90000)]
  0x0000000019b9c000 JavaThread "Build operations Thread 5" [_thread_blocked, id=16460, stack(0x000000001fd90000,0x000000001fe90000)]
  0x0000000019ba1000 JavaThread "Build operations Thread 4" [_thread_blocked, id=4076, stack(0x000000001fc90000,0x000000001fd90000)]
  0x0000000019ba0800 JavaThread "Build operations Thread 3" [_thread_blocked, id=13580, stack(0x000000001fb90000,0x000000001fc90000)]
  0x0000000019b9d800 JavaThread "Build operations Thread 2" [_thread_blocked, id=22880, stack(0x000000001fa90000,0x000000001fb90000)]
  0x0000000019ba2000 JavaThread "Build operations" [_thread_blocked, id=22688, stack(0x000000001f990000,0x000000001fa90000)]
  0x0000000019b9f800 JavaThread "Cache worker for cache directory md-rule (C:\Users\devan\.gradle\caches\5.4.1\md-rule)" [_thread_blocked, id=17280, stack(0x000000001f890000,0x000000001f990000)]
  0x0000000019ba2800 JavaThread "Cache worker for cache directory md-supplier (C:\Users\devan\.gradle\caches\5.4.1\md-supplier)" [_thread_blocked, id=13124, stack(0x000000001f790000,0x000000001f890000)]
  0x0000000019b94800 JavaThread "Cache worker for file hash cache (C:\Users\devan\Documents\GitHub\Software-2020-2021\.gradle\5.4.1\fileHashes)" [_thread_blocked, id=12208, stack(0x000000001ef10000,0x000000001f010000)]
  0x0000000019b96000 JavaThread "Thread-50" [_thread_blocked, id=20272, stack(0x000000001ee10000,0x000000001ef10000)]
  0x0000000019b9b000 JavaThread "Stdin handler" [_thread_blocked, id=22612, stack(0x000000001d4e0000,0x000000001d5e0000)]
  0x0000000019b99800 JavaThread "Asynchronous log dispatcher for DefaultDaemonConnection: socket connection from /127.0.0.1:60658 to /127.0.0.1:60666" [_thread_blocked, id=6628, stack(0x000000001ad40000,0x000000001ae40000)]
  0x0000000019b9a800 JavaThread "Cancel handler" [_thread_blocked, id=2852, stack(0x000000001a940000,0x000000001aa40000)]
  0x0000000019b99000 JavaThread "Handler for socket connection from /127.0.0.1:60658 to /127.0.0.1:60666" [_thread_in_native, id=18260, stack(0x000000001a640000,0x000000001a740000)]
  0x0000000019b95000 JavaThread "ForkJoinPool.commonPool-worker-1" daemon [_thread_blocked, id=21028, stack(0x00000000223d0000,0x00000000224d0000)]
  0x0000000019b98000 JavaThread "Cache worker for file content cache (C:\Users\devan\.gradle\caches\5.4.1\fileContent)" [_thread_blocked, id=15536, stack(0x0000000022530000,0x0000000022630000)]
  0x000000001bdc6800 JavaThread "Memory manager" [_thread_blocked, id=23308, stack(0x00000000220d0000,0x00000000221d0000)]
  0x000000001bdbb000 JavaThread "Cache worker for execution history cache (C:\Users\devan\.gradle\caches\5.4.1\executionHistory)" [_thread_blocked, id=22868, stack(0x000000001f010000,0x000000001f110000)]
  0x000000001865d000 JavaThread "Cache worker for journal cache (C:\Users\devan\.gradle\caches\journal-1)" [_thread_blocked, id=4660, stack(0x000000001b040000,0x000000001b140000)]
  0x000000001865c000 JavaThread "File lock request listener" [_thread_in_native, id=25288, stack(0x000000001af40000,0x000000001b040000)]
  0x000000001865b800 JavaThread "Cache worker for file hash cache (C:\Users\devan\.gradle\caches\5.4.1\fileHashes)" [_thread_blocked, id=648, stack(0x000000001ae40000,0x000000001af40000)]
  0x00000000189fb000 JavaThread "Daemon worker" [_thread_blocked, id=13408, stack(0x000000001aa40000,0x000000001ab40000)]
  0x0000000018803800 JavaThread "Daemon" [_thread_blocked, id=19336, stack(0x000000001a540000,0x000000001a640000)]
  0x00000000188ff000 JavaThread "Daemon periodic checks" [_thread_blocked, id=3696, stack(0x000000001a440000,0x000000001a540000)]
  0x00000000188fc000 JavaThread "Incoming local TCP Connector on port 60658" [_thread_in_native, id=6464, stack(0x000000001a200000,0x000000001a300000)]
  0x0000000018b8b800 JavaThread "Daemon health stats" [_thread_blocked, id=24288, stack(0x0000000019bc0000,0x0000000019cc0000)]
  0x00000000165e3000 JavaThread "Service Thread" daemon [_thread_blocked, id=8536, stack(0x0000000017220000,0x0000000017320000)]
  0x000000001655a000 JavaThread "C1 CompilerThread3" daemon [_thread_in_vm, id=7088, stack(0x0000000017120000,0x0000000017220000)]
=>0x0000000016552800 JavaThread "C2 CompilerThread2" daemon [_thread_in_native, id=25936, stack(0x0000000017020000,0x0000000017120000)]
  0x0000000016551000 JavaThread "C2 CompilerThread1" daemon [_thread_in_native, id=6652, stack(0x0000000016f20000,0x0000000017020000)]
  0x0000000016550000 JavaThread "C2 CompilerThread0" daemon [_thread_in_native, id=26544, stack(0x0000000016e20000,0x0000000016f20000)]
  0x000000001654c000 JavaThread "Attach Listener" daemon [_thread_blocked, id=25148, stack(0x0000000016d20000,0x0000000016e20000)]
  0x000000001654a800 JavaThread "Signal Dispatcher" daemon [_thread_blocked, id=26012, stack(0x0000000016c20000,0x0000000016d20000)]
  0x0000000016540800 JavaThread "Finalizer" daemon [_thread_blocked, id=17640, stack(0x0000000016a20000,0x0000000016b20000)]
  0x0000000002ed6800 JavaThread "Reference Handler" daemon [_thread_blocked, id=23512, stack(0x0000000016920000,0x0000000016a20000)]
  0x0000000002cbe000 JavaThread "main" [_thread_blocked, id=27060, stack(0x0000000002ce0000,0x0000000002de0000)]

Other Threads:
  0x0000000014748000 VMThread [stack: 0x0000000016420000,0x0000000016520000] [id=23604]
  0x00000000165e3800 WatcherThread [stack: 0x0000000017320000,0x0000000017420000] [id=4072]

VM state:not at safepoint (normal execution)

VM Mutex/Monitor currently owned by a thread:  ([mutex/lock_event])
[0x0000000002de08d0] CompiledIC_lock - owner thread: 0x0000000000000000

heap address: 0x00000000e0000000, size: 512 MB, Compressed Oops mode: 32-bit
Narrow klass base: 0x0000000000000000, Narrow klass shift: 3
Compressed class space size: 1073741824 Address: 0x0000000100000000

Heap:
 PSYoungGen      total 116736K, used 88466K [0x00000000f5580000, 0x0000000100000000, 0x0000000100000000)
  eden space 58880K, 98% used [0x00000000f5580000,0x00000000f8e110d8,0x00000000f8f00000)
  from space 57856K, 52% used [0x00000000fc780000,0x00000000fe553770,0x0000000100000000)
  to   space 57856K, 0% used [0x00000000f8f00000,0x00000000f8f00000,0x00000000fc780000)
 ParOldGen       total 349696K, used 169863K [0x00000000e0000000, 0x00000000f5580000, 0x00000000f5580000)
  object space 349696K, 48% used [0x00000000e0000000,0x00000000ea5e1ce8,0x00000000f5580000)
 Metaspace       used 79396K, capacity 82592K, committed 82776K, reserved 1120256K
  class space    used 10405K, capacity 11079K, committed 11136K, reserved 1048576K

Card table byte_map: [0x00000000122a0000,0x00000000123b0000] byte_map_base: 0x0000000011ba0000

Marking Bits: (ParMarkBitMap*) 0x0000000068039f30
 Begin Bits: [0x0000000012c60000, 0x0000000013460000)
 End Bits:   [0x0000000013460000, 0x0000000013c60000)

Polling page: 0x00000000010d0000

CodeCache: size=245760Kb used=39438Kb max_used=39446Kb free=206321Kb
 bounds [0x0000000002ee0000, 0x0000000005590000, 0x0000000011ee0000]
 total_blobs=12930 nmethods=12088 adapters=752
 compilation: enabled

Compilation events (10 events):
Event: 29.555 Thread 0x000000001655a000 14821       3       java.util.TreeSet::descendingSet (17 bytes)
Event: 29.555 Thread 0x000000001655a000 nmethod 14821 0x000000000558bb90 code [0x000000000558bd20, 0x000000000558c128]
Event: 29.555 Thread 0x000000001655a000 14824       3       java.util.TreeMap$DescendingSubMap::keyIterator (17 bytes)
Event: 29.556 Thread 0x000000001655a000 nmethod 14824 0x000000000558dc90 code [0x000000000558de20, 0x000000000558e228]
Event: 29.556 Thread 0x000000001655a000 14827       3       org.gradle.execution.plan.Node::isIncludeInGraph (26 bytes)
Event: 29.557 Thread 0x000000001655a000 nmethod 14827 0x0000000005589850 code [0x00000000055899c0, 0x0000000005589bd0]
Event: 29.558 Thread 0x000000001655a000 14828       3       org.gradle.execution.plan.DefaultExecutionPlan$NodeMapping::contains (11 bytes)
Event: 29.558 Thread 0x000000001655a000 nmethod 14828 0x000000000558e350 code [0x000000000558e4c0, 0x000000000558e6e8]
Event: 29.559 Thread 0x000000001655a000 14829       3       java.lang.Thread::checkAccess (14 bytes)
Event: 29.559 Thread 0x000000001655a000 nmethod 14829 0x00000000031d6310 code [0x00000000031d6480, 0x00000000031d6748]

GC Heap History (10 events):
Event: 20.226 GC heap before
{Heap before GC invocations=32 (full 3):
 PSYoungGen      total 116736K, used 77286K [0x00000000f5580000, 0x0000000100000000, 0x0000000100000000)
  eden space 58880K, 100% used [0x00000000f5580000,0x00000000f8f00000,0x00000000f8f00000)
  from space 57856K, 31% used [0x00000000fc780000,0x00000000fd979b78,0x0000000100000000)
  to   space 57856K, 0% used [0x00000000f8f00000,0x00000000f8f00000,0x00000000fc780000)
 ParOldGen       total 306176K, used 256776K [0x00000000e0000000, 0x00000000f2b00000, 0x00000000f5580000)
  object space 306176K, 83% used [0x00000000e0000000,0x00000000efac22b8,0x00000000f2b00000)
 Metaspace       used 75302K, capacity 78376K, committed 78552K, reserved 1118208K
  class space    used 10078K, capacity 10701K, committed 10752K, reserved 1048576K
Event: 20.236 GC heap after
Heap after GC invocations=32 (full 3):
 PSYoungGen      total 116736K, used 21927K [0x00000000f5580000, 0x0000000100000000, 0x0000000100000000)
  eden space 58880K, 0% used [0x00000000f5580000,0x00000000f5580000,0x00000000f8f00000)
  from space 57856K, 37% used [0x00000000f8f00000,0x00000000fa469d88,0x00000000fc780000)
  to   space 57856K, 0% used [0x00000000fc780000,0x00000000fc780000,0x0000000100000000)
 ParOldGen       total 306176K, used 279577K [0x00000000e0000000, 0x00000000f2b00000, 0x00000000f5580000)
  object space 306176K, 91% used [0x00000000e0000000,0x00000000f1106618,0x00000000f2b00000)
 Metaspace       used 75302K, capacity 78376K, committed 78552K, reserved 1118208K
  class space    used 10078K, capacity 10701K, committed 10752K, reserved 1048576K
}
Event: 20.236 GC heap before
{Heap before GC invocations=33 (full 4):
 PSYoungGen      total 116736K, used 21927K [0x00000000f5580000, 0x0000000100000000, 0x0000000100000000)
  eden space 58880K, 0% used [0x00000000f5580000,0x00000000f5580000,0x00000000f8f00000)
  from space 57856K, 37% used [0x00000000f8f00000,0x00000000fa469d88,0x00000000fc780000)
  to   space 57856K, 0% used [0x00000000fc780000,0x00000000fc780000,0x0000000100000000)
 ParOldGen       total 306176K, used 279577K [0x00000000e0000000, 0x00000000f2b00000, 0x00000000f5580000)
  object space 306176K, 91% used [0x00000000e0000000,0x00000000f1106618,0x00000000f2b00000)
 Metaspace       used 75302K, capacity 78376K, committed 78552K, reserved 1118208K
  class space    used 10078K, capacity 10701K, committed 10752K, reserved 1048576K
Event: 20.353 GC heap after
Heap after GC invocations=33 (full 4):
 PSYoungGen      total 116736K, used 0K [0x00000000f5580000, 0x0000000100000000, 0x0000000100000000)
  eden space 58880K, 0% used [0x00000000f5580000,0x00000000f5580000,0x00000000f8f00000)
  from space 57856K, 0% used [0x00000000f8f00000,0x00000000f8f00000,0x00000000fc780000)
  to   space 57856K, 0% used [0x00000000fc780000,0x00000000fc780000,0x0000000100000000)
 ParOldGen       total 349696K, used 112842K [0x00000000e0000000, 0x00000000f5580000, 0x00000000f5580000)
  object space 349696K, 32% used [0x00000000e0000000,0x00000000e6e329c0,0x00000000f5580000)
 Metaspace       used 75292K, capacity 78344K, committed 78552K, reserved 1118208K
  class space    used 10075K, capacity 10695K, committed 10752K, reserved 1048576K
}
Event: 20.733 GC heap before
{Heap before GC invocations=34 (full 4):
 PSYoungGen      total 116736K, used 58880K [0x00000000f5580000, 0x0000000100000000, 0x0000000100000000)
  eden space 58880K, 100% used [0x00000000f5580000,0x00000000f8f00000,0x00000000f8f00000)
  from space 57856K, 0% used [0x00000000f8f00000,0x00000000f8f00000,0x00000000fc780000)
  to   space 57856K, 0% used [0x00000000fc780000,0x00000000fc780000,0x0000000100000000)
 ParOldGen       total 349696K, used 112915K [0x00000000e0000000, 0x00000000f5580000, 0x00000000f5580000)
  object space 349696K, 32% used [0x00000000e0000000,0x00000000e6e44c50,0x00000000f5580000)
 Metaspace       used 75299K, capacity 78358K, committed 78552K, reserved 1118208K
  class space    used 10077K, capacity 10700K, committed 10752K, reserved 1048576K
Event: 20.738 GC heap after
Heap after GC invocations=34 (full 4):
 PSYoungGen      total 116736K, used 29356K [0x00000000f5580000, 0x0000000100000000, 0x0000000100000000)
  eden space 58880K, 0% used [0x00000000f5580000,0x00000000f5580000,0x00000000f8f00000)
  from space 57856K, 50% used [0x00000000fc780000,0x00000000fe42b0c8,0x0000000100000000)
  to   space 57856K, 0% used [0x00000000f8f00000,0x00000000f8f00000,0x00000000fc780000)
 ParOldGen       total 349696K, used 112923K [0x00000000e0000000, 0x00000000f5580000, 0x00000000f5580000)
  object space 349696K, 32% used [0x00000000e0000000,0x00000000e6e46c50,0x00000000f5580000)
 Metaspace       used 75299K, capacity 78358K, committed 78552K, reserved 1118208K
  class space    used 10077K, capacity 10700K, committed 10752K, reserved 1048576K
}
Event: 21.258 GC heap before
{Heap before GC invocations=35 (full 4):
 PSYoungGen      total 116736K, used 88236K [0x00000000f5580000, 0x0000000100000000, 0x0000000100000000)
  eden space 58880K, 100% used [0x00000000f5580000,0x00000000f8f00000,0x00000000f8f00000)
  from space 57856K, 50% used [0x00000000fc780000,0x00000000fe42b0c8,0x0000000100000000)
  to   space 57856K, 0% used [0x00000000f8f00000,0x00000000f8f00000,0x00000000fc780000)
 ParOldGen       total 349696K, used 113051K [0x00000000e0000000, 0x00000000f5580000, 0x00000000f5580000)
  object space 349696K, 32% used [0x00000000e0000000,0x00000000e6e66c60,0x00000000f5580000)
 Metaspace       used 75308K, capacity 78366K, committed 78552K, reserved 1118208K
  class space    used 10077K, capacity 10700K, committed 10752K, reserved 1048576K
Event: 21.263 GC heap after
Heap after GC invocations=35 (full 4):
 PSYoungGen      total 116736K, used 20990K [0x00000000f5580000, 0x0000000100000000, 0x0000000100000000)
  eden space 58880K, 0% used [0x00000000f5580000,0x00000000f5580000,0x00000000f8f00000)
  from space 57856K, 36% used [0x00000000f8f00000,0x00000000fa37fb10,0x00000000fc780000)
  to   space 57856K, 0% used [0x00000000fc780000,0x00000000fc780000,0x0000000100000000)
 ParOldGen       total 349696K, used 138967K [0x00000000e0000000, 0x00000000f5580000, 0x00000000f5580000)
  object space 349696K, 39% used [0x00000000e0000000,0x00000000e87b5fb0,0x00000000f5580000)
 Metaspace       used 75308K, capacity 78366K, committed 78552K, reserved 1118208K
  class space    used 10077K, capacity 10700K, committed 10752K, reserved 1048576K
}
Event: 22.596 GC heap before
{Heap before GC invocations=36 (full 4):
 PSYoungGen      total 116736K, used 79870K [0x00000000f5580000, 0x0000000100000000, 0x0000000100000000)
  eden space 58880K, 100% used [0x00000000f5580000,0x00000000f8f00000,0x00000000f8f00000)
  from space 57856K, 36% used [0x00000000f8f00000,0x00000000fa37fb10,0x00000000fc780000)
  to   space 57856K, 0% used [0x00000000fc780000,0x00000000fc780000,0x0000000100000000)
 ParOldGen       total 349696K, used 154127K [0x00000000e0000000, 0x00000000f5580000, 0x00000000f5580000)
  object space 349696K, 44% used [0x00000000e0000000,0x00000000e9683ed0,0x00000000f5580000)
 Metaspace       used 75446K, capacity 78482K, committed 78552K, reserved 1118208K
  class space    used 10102K, capacity 10736K, committed 10752K, reserved 1048576K
Event: 22.601 GC heap after
Heap after GC invocations=36 (full 4):
 PSYoungGen      total 116736K, used 30541K [0x00000000f5580000, 0x0000000100000000, 0x0000000100000000)
  eden space 58880K, 0% used [0x00000000f5580000,0x00000000f5580000,0x00000000f8f00000)
  from space 57856K, 52% used [0x00000000fc780000,0x00000000fe553770,0x0000000100000000)
  to   space 57856K, 0% used [0x00000000f8f00000,0x00000000f8f00000,0x00000000fc780000)
 ParOldGen       total 349696K, used 169863K [0x00000000e0000000, 0x00000000f5580000, 0x00000000f5580000)
  object space 349696K, 48% used [0x00000000e0000000,0x00000000ea5e1ce8,0x00000000f5580000)
 Metaspace       used 75446K, capacity 78482K, committed 78552K, reserved 1118208K
  class space    used 10102K, capacity 10736K, committed 10752K, reserved 1048576K
}

Deoptimization events (10 events):
Event: 29.393 Thread 0x00000000189fb000 Uncommon trap: reason=speculate_class_check action=maybe_recompile pc=0x00000000042fd420 method=java.util.EnumMap.containsKey(Ljava/lang/Object;)Z @ 13
Event: 29.393 Thread 0x00000000189fb000 Uncommon trap: reason=speculate_class_check action=maybe_recompile pc=0x00000000042fd420 method=java.util.EnumMap.containsKey(Ljava/lang/Object;)Z @ 13
Event: 29.393 Thread 0x00000000189fb000 Uncommon trap: reason=speculate_class_check action=maybe_recompile pc=0x00000000042fd420 method=java.util.EnumMap.containsKey(Ljava/lang/Object;)Z @ 13
Event: 29.394 Thread 0x00000000189fb000 Uncommon trap: reason=class_check action=maybe_recompile pc=0x00000000047121e4 method=java.util.AbstractMap.isEmpty()Z @ 1
Event: 29.395 Thread 0x00000000189fb000 Uncommon trap: reason=class_check action=maybe_recompile pc=0x00000000047121e4 method=java.util.AbstractMap.isEmpty()Z @ 1
Event: 29.400 Thread 0x00000000189fb000 Uncommon trap: reason=bimorphic action=maybe_recompile pc=0x000000000510f9f8 method=java.util.stream.ReferencePipeline.forEachWithCancel(Ljava/util/Spliterator;Ljava/util/stream/Sink;)V @ 1
Event: 29.405 Thread 0x00000000189fb000 Uncommon trap: reason=bimorphic action=maybe_recompile pc=0x000000000510f9f8 method=java.util.stream.ReferencePipeline.forEachWithCancel(Ljava/util/Spliterator;Ljava/util/stream/Sink;)V @ 1
Event: 29.443 Thread 0x00000000189fb000 Uncommon trap: reason=class_check action=maybe_recompile pc=0x00000000047121e4 method=java.util.AbstractMap.isEmpty()Z @ 1
Event: 29.444 Thread 0x00000000189fb000 Uncommon trap: reason=class_check action=maybe_recompile pc=0x00000000047121e4 method=java.util.AbstractMap.isEmpty()Z @ 1
Event: 29.466 Thread 0x00000000189fb000 Uncommon trap: reason=unstable_if action=reinterpret pc=0x00000000046d264c method=java.util.HashMap.removeNode(ILjava/lang/Object;Ljava/lang/Object;ZZ)Ljava/util/HashMap$Node; @ 133

Classes redefined (0 events):
No events

Internal exceptions (10 events):
Event: 29.154 Thread 0x0000000019b99000 Exception <a 'java/lang/NoSuchMethodError': <clinit>> (0x00000000f6fa7d28) thrown at [D:\src\AOSP-openjdk-cygwin\jdk8u\hotspot\src\share\vm\prims\jni.cpp, line 1614]
Event: 29.194 Thread 0x00000000189fb000 Exception <a 'java/lang/NoSuchMethodError': <clinit>> (0x00000000f71f17b0) thrown at [D:\src\AOSP-openjdk-cygwin\jdk8u\hotspot\src\share\vm\prims\jni.cpp, line 1614]
Event: 29.209 Thread 0x00000000189fb000 Exception <a 'java/lang/NoSuchMethodError': <clinit>> (0x00000000f723f0a0) thrown at [D:\src\AOSP-openjdk-cygwin\jdk8u\hotspot\src\share\vm\prims\jni.cpp, line 1614]
Event: 29.223 Thread 0x00000000189fb000 Exception <a 'java/lang/NoSuchMethodError': <clinit>> (0x00000000f736cc68) thrown at [D:\src\AOSP-openjdk-cygwin\jdk8u\hotspot\src\share\vm\prims\jni.cpp, line 1614]
Event: 29.223 Thread 0x00000000189fb000 Exception <a 'java/lang/NoSuchMethodError': <clinit>> (0x00000000f7370b40) thrown at [D:\src\AOSP-openjdk-cygwin\jdk8u\hotspot\src\share\vm\prims\jni.cpp, line 1614]
Event: 29.223 Thread 0x00000000189fb000 Exception <a 'java/lang/NoSuchMethodError': <clinit>> (0x00000000f73725c8) thrown at [D:\src\AOSP-openjdk-cygwin\jdk8u\hotspot\src\share\vm\prims\jni.cpp, line 1614]
Event: 29.223 Thread 0x00000000189fb000 Exception <a 'java/lang/NoSuchMethodError': <clinit>> (0x00000000f7373d18) thrown at [D:\src\AOSP-openjdk-cygwin\jdk8u\hotspot\src\share\vm\prims\jni.cpp, line 1614]
Event: 29.223 Thread 0x00000000189fb000 Exception <a 'java/lang/NoSuchMethodError': <clinit>> (0x00000000f7375318) thrown at [D:\src\AOSP-openjdk-cygwin\jdk8u\hotspot\src\share\vm\prims\jni.cpp, line 1614]
Event: 29.229 Thread 0x00000000189fb000 Implicit null exception at 0x00000000038b186f to 0x00000000038b190d
Event: 29.368 Thread 0x00000000189fb000 Implicit null exception at 0x00000000046d0f95 to 0x00000000046d144d

Events (10 events):
Event: 29.557 Thread 0x000000001b9a4000 Thread added: 0x000000001b9a4000
Event: 29.558 Thread 0x000000001655a000 flushing nmethod 0x000000000319b4d0
Event: 29.558 Thread 0x000000001655a000 flushing nmethod 0x00000000031b3050
Event: 29.558 Thread 0x000000001655a000 flushing nmethod 0x00000000031d6310
Event: 29.558 Thread 0x000000001655a000 flushing nmethod 0x00000000031e8490
Event: 29.558 Thread 0x000000001b9a5800 Thread added: 0x000000001b9a5800
Event: 29.559 Thread 0x000000001655a000 flushing nmethod 0x00000000032fb210
Event: 29.559 Thread 0x000000001b9a4800 Thread added: 0x000000001b9a4800
Event: 29.560 Thread 0x000000001b9a1000 Thread added: 0x000000001b9a1000
Event: 29.560 Thread 0x000000001b9a1800 Thread added: 0x000000001b9a1800


Dynamic libraries:
0x00007ff7255d0000 - 0x00007ff725601000 	C:\Program Files\Android\Android Studio\jre\bin\java.exe
0x00007ff9b40e0000 - 0x00007ff9b42d0000 	C:\windows\SYSTEM32\ntdll.dll
0x00007ff9b31f0000 - 0x00007ff9b32a2000 	C:\windows\System32\KERNEL32.DLL
0x00007ff9b1c40000 - 0x00007ff9b1ee5000 	C:\windows\System32\KERNELBASE.dll
0x00007ff9b2510000 - 0x00007ff9b25b3000 	C:\windows\System32\ADVAPI32.dll
0x00007ff9b37d0000 - 0x00007ff9b386e000 	C:\windows\System32\msvcrt.dll
0x00007ff9b3720000 - 0x00007ff9b37b7000 	C:\windows\System32\sechost.dll
0x00007ff9b22b0000 - 0x00007ff9b23d0000 	C:\windows\System32\RPCRT4.dll
0x00007ff9b3da0000 - 0x00007ff9b3f34000 	C:\windows\System32\USER32.dll
0x00007ff9b19f0000 - 0x00007ff9b1a11000 	C:\windows\System32\win32u.dll
0x00007ff9b3870000 - 0x00007ff9b3896000 	C:\windows\System32\GDI32.dll
0x00007ff9b1ff0000 - 0x00007ff9b2186000 	C:\windows\System32\gdi32full.dll
0x00007ff9b1ba0000 - 0x00007ff9b1c3e000 	C:\windows\System32\msvcp_win.dll
0x00007ff9b1070000 - 0x00007ff9b116a000 	C:\windows\System32\ucrtbase.dll
0x00007ff991920000 - 0x00007ff991ba4000 	C:\windows\WinSxS\amd64_microsoft.windows.common-controls_6595b64144ccf1df_6.0.18362.1139_none_9e7bf2d3e4605ac6\COMCTL32.dll
0x00007ff9b33e0000 - 0x00007ff9b3715000 	C:\windows\System32\combase.dll
0x00007ff9b18f0000 - 0x00007ff9b1970000 	C:\windows\System32\bcryptPrimitives.dll
0x00007ff9b3d70000 - 0x00007ff9b3d9e000 	C:\windows\System32\IMM32.DLL
0x0000000067790000 - 0x0000000067862000 	C:\Program Files\Android\Android Studio\jre\jre\bin\msvcr100.dll
0x0000000067870000 - 0x00000000680b6000 	C:\Program Files\Android\Android Studio\jre\jre\bin\server\jvm.dll
0x00007ff9b3a00000 - 0x00007ff9b3a08000 	C:\windows\System32\PSAPI.DLL
0x00007ff9aa1f0000 - 0x00007ff9aa1f9000 	C:\windows\SYSTEM32\WSOCK32.dll
0x00007ff9aa530000 - 0x00007ff9aa554000 	C:\windows\SYSTEM32\WINMM.dll
0x00007ff9b3370000 - 0x00007ff9b33df000 	C:\windows\System32\WS2_32.dll
0x00007ff9a5730000 - 0x00007ff9a573a000 	C:\windows\SYSTEM32\VERSION.dll
0x00007ff9aa500000 - 0x00007ff9aa52d000 	C:\windows\SYSTEM32\winmmbase.dll
0x00007ff9b1ef0000 - 0x00007ff9b1f3a000 	C:\windows\System32\cfgmgr32.dll
0x00007ff9a7420000 - 0x00007ff9a742f000 	C:\Program Files\Android\Android Studio\jre\jre\bin\verify.dll
0x00007ff9a1e70000 - 0x00007ff9a1e99000 	C:\Program Files\Android\Android Studio\jre\jre\bin\java.dll
0x00007ff9a2110000 - 0x00007ff9a2126000 	C:\Program Files\Android\Android Studio\jre\jre\bin\zip.dll
0x00007ff9b25c0000 - 0x00007ff9b2ca7000 	C:\windows\System32\SHELL32.dll
0x00007ff9b3ff0000 - 0x00007ff9b4099000 	C:\windows\System32\shcore.dll
0x00007ff9b1170000 - 0x00007ff9b18f0000 	C:\windows\System32\windows.storage.dll
0x00007ff9b1020000 - 0x00007ff9b1043000 	C:\windows\System32\profapi.dll
0x00007ff9b0fb0000 - 0x00007ff9b0ffa000 	C:\windows\System32\powrprof.dll
0x00007ff9b0fa0000 - 0x00007ff9b0fb0000 	C:\windows\System32\UMPDC.dll
0x00007ff9b3bc0000 - 0x00007ff9b3c12000 	C:\windows\System32\shlwapi.dll
0x00007ff9b1050000 - 0x00007ff9b1061000 	C:\windows\System32\kernel.appcore.dll
0x00007ff9b1970000 - 0x00007ff9b1987000 	C:\windows\System32\cryptsp.dll
0x00007ff9a1a70000 - 0x00007ff9a1a8a000 	C:\Program Files\Android\Android Studio\jre\jre\bin\net.dll
0x00007ff9b07f0000 - 0x00007ff9b0857000 	C:\windows\system32\mswsock.dll
0x00007ff9a1a50000 - 0x00007ff9a1a61000 	C:\Program Files\Android\Android Studio\jre\jre\bin\nio.dll
0x00007ff9a08f0000 - 0x00007ff9a0916000 	C:\Users\devan\.gradle\native\29\windows-amd64\native-platform.dll
0x00007ff9a62e0000 - 0x00007ff9a62ed000 	C:\Program Files\Android\Android Studio\jre\jre\bin\management.dll
0x00007ff9b0360000 - 0x00007ff9b0393000 	C:\windows\system32\rsaenh.dll
0x00007ff9b1b70000 - 0x00007ff9b1b96000 	C:\windows\System32\bcrypt.dll
0x00007ff9b0e80000 - 0x00007ff9b0ea5000 	C:\windows\SYSTEM32\USERENV.dll
0x00007ff9b09c0000 - 0x00007ff9b09cc000 	C:\windows\SYSTEM32\CRYPTBASE.dll
0x00007ff9b0500000 - 0x00007ff9b053a000 	C:\windows\SYSTEM32\IPHLPAPI.DLL
0x00007ff9b37c0000 - 0x00007ff9b37c8000 	C:\windows\System32\NSI.dll
0x00007ff9a48a0000 - 0x00007ff9a48b6000 	C:\windows\SYSTEM32\dhcpcsvc6.DLL
0x00007ff9a4840000 - 0x00007ff9a485c000 	C:\windows\SYSTEM32\dhcpcsvc.DLL
0x00007ff9b0540000 - 0x00007ff9b060b000 	C:\windows\SYSTEM32\DNSAPI.dll

VM Arguments:
jvm_args: -XX:MaxMetaspaceSize=256m -XX:+HeapDumpOnOutOfMemoryError -Xms256m -Xmx512m -Dfile.encoding=windows-1252 -Duser.country=US -Duser.language=en -Duser.variant 
java_command: org.gradle.launcher.daemon.bootstrap.GradleDaemon 5.4.1
java_class_path (initial): C:\Users\devan\.gradle\wrapper\dists\gradle-5.4.1-all\3221gyojl5jsh0helicew7rwx\gradle-5.4.1\lib\gradle-launcher-5.4.1.jar
Launcher Type: SUN_STANDARD

Environment Variables:
JAVA_HOME=C:\Program Files\Java\openjdk-15.0.1_windows-x64_bin\jdk-15.0.1
PATH=C:\Program Files (x86)\Common Files\Intel\Shared Libraries\redist\intel64\compiler;C:\Program Files (x86)\Common Files\Oracle\Java\javapath;C:\windows\system32;C:\windows;C:\windows\System32\Wbem;C:\windows\System32\WindowsPowerShell\v1.0\;C:\windows\System32\OpenSSH\;C:\Program Files (x86)\IVI Foundation\VISA\WinNT\Bin;C:\Program Files\GitBash\cmd;C:\PHP;C:\Program Files\Java\openjdk-15.0.1_windows-x64_bin\jdk-15.0.1\bin;C:\Users\devan\AppData\Local\Microsoft\WindowsApps;C:\Users\devan\AppData\Local\GitHubDesktop\bin;C:\Users\devan\AppData\Local\Android\Sdk\platform-tools;C:\Users\devan\AppData\Local\GitBash\bin;C:\Users\devan\AppData\Local\GitBash\bin;C:\Users\devan\AppData\Local\javafx-sdk-11.0.2\bin;C:\Users\devan\AppData\Local\Programs\Microsoft VS Code\bin;C:\Program Files\Java\openjdk-15.0.1_windows-x64_bin\jdk-15.0.1\bin;
USERNAME=devan
OS=Windows_NT
PROCESSOR_IDENTIFIER=Intel64 Family 6 Model 126 Stepping 5, GenuineIntel



---------------  S Y S T E M  ---------------

OS: Windows 10.0 , 64 bit Build 18362 (10.0.18362.1110)

CPU:total 8 (initial active 8) (4 cores per cpu, 2 threads per core) family 6 model 126 stepping 5, cmov, cx8, fxsr, mmx, sse, sse2, sse3, ssse3, sse4.1, sse4.2, popcnt, avx, avx2, aes, clmul, erms, 3dnowpref, lzcnt, ht, tsc, tscinvbit, bmi1, bmi2, adx

Memory: 4k page, physical 16357872k(8565888k free), swap 47464300k(5432k free)

vm_info: OpenJDK 64-Bit Server VM (25.202-b03) for windows-amd64 JRE (1.8.0_202-release-1483-b03), built by "builder" with MS VC++ 10.0 (VS2010)

time: Mon Oct 26 18:58:45 2020
timezone: Eastern Daylight Time
elapsed time: 29 seconds (0d 0h 0m 29s)

